[2022-06-15T19:07:44.299312+00:00] magephp.DEBUG: Environment: production [] []
[2022-06-15T19:07:44.300114+00:00] magephp.DEBUG: Release ID: 20220615190744 [] []
[2022-06-15T19:07:44.300559+00:00] magephp.DEBUG: Running task [Git] Change Branch (main) (git/change-branch) [] []
[2022-06-15T19:07:44.300618+00:00] magephp.INFO: git branch | grep "*" [] []
[2022-06-15T19:07:44.307109+00:00] magephp.DEBUG: * main  [] []
[2022-06-15T19:07:44.307456+00:00] magephp.DEBUG: Task [Git] Change Branch (main) (git/change-branch) finished with SKIPPED, thrown SkipException [] []
[2022-06-15T19:07:44.307553+00:00] magephp.DEBUG: Running task [Git] Update (git/update) [] []
[2022-06-15T19:07:44.307603+00:00] magephp.INFO: git pull [] []
[2022-06-15T19:07:44.730616+00:00] magephp.DEBUG: Already up to date.  [] []
[2022-06-15T19:07:44.730883+00:00] magephp.DEBUG: Task [Git] Update (git/update) finished with OK [] []
[2022-06-15T19:07:44.731077+00:00] magephp.DEBUG: Running task [Composer] Install (composer/install) [] []
[2022-06-15T19:07:44.731237+00:00] magephp.INFO: composer install --optimize-autoloader [] []
[2022-06-15T19:07:46.905476+00:00] magephp.DEBUG: Discovered Package: [32mbarryvdh/laravel-debugbar[39m Discovered Package: [32mlaravel/sail[39m Discovered Package: [32mlaravel/sanctum[39m Discovered Package: [32mlaravel/tinker[39m Discovered Package: [32mnesbot/carbon[39m Discovered Package: [32mnunomaduro/collision[39m Discovered Package: [32mspatie/laravel-ignition[39m [32mPackage manifest generated successfully.[39m  [] []
[2022-06-15T19:07:46.905723+00:00] magephp.DEBUG: Task [Composer] Install (composer/install) finished with OK [] []
[2022-06-15T19:07:46.905980+00:00] magephp.DEBUG: Running task [Composer] Dump Autoload (composer/dump-autoload) [] []
[2022-06-15T19:07:46.906142+00:00] magephp.INFO: composer dump-autoload --optimize [] []
[2022-06-15T19:07:48.986536+00:00] magephp.DEBUG: Generating optimized autoload files Discovered Package: [32mbarryvdh/laravel-debugbar[39m Discovered Package: [32mlaravel/sail[39m Discovered Package: [32mlaravel/sanctum[39m Discovered Package: [32mlaravel/tinker[39m Discovered Package: [32mnesbot/carbon[39m Discovered Package: [32mnunomaduro/collision[39m Discovered Package: [32mspatie/laravel-ignition[39m [32mPackage manifest generated successfully.[39m Generated optimized autoload files containing 5372 classes  [] []
[2022-06-15T19:07:48.986806+00:00] magephp.DEBUG: Task [Composer] Dump Autoload (composer/dump-autoload) finished with OK [] []
[2022-06-15T19:07:48.987053+00:00] magephp.DEBUG: Running task [Deploy] Preparing Tar file (deploy/tar/prepare) [] []
[2022-06-15T19:07:48.987393+00:00] magephp.INFO: tar cfzp /tmp/magenjSCdC --exclude=".git" --exclude="./var/cache/*" --exclude="./var/log/*" --exclude="./web/app_dev.php" --exclude="./storage/debugbar" --exclude="./storage/framework" --exclude="./storage/logs" ./ [] []
[2022-06-15T19:07:50.529026+00:00] magephp.DEBUG:  [] []
[2022-06-15T19:07:50.529230+00:00] magephp.DEBUG: Task [Deploy] Preparing Tar file (deploy/tar/prepare) finished with OK [] []
[2022-06-15T19:07:50.529795+00:00] magephp.DEBUG: Running task [Release] Preparing Release (deploy/release/prepare) [] []
[2022-06-15T19:07:50.530104+00:00] magephp.INFO: ssh -p 22 -q -o UserKnownHostsFile=/dev/null -o StrictHostKeyChecking=no -i /var/www/html/deploy/key root@139.59.128.168 "mkdir -p /var/www/my-app/releases/20220615190744" [] []
[2022-06-15T19:07:50.875482+00:00] magephp.DEBUG:  [] []
[2022-06-15T19:07:50.875585+00:00] magephp.ERROR:  [] []
[2022-06-15T19:07:50.875782+00:00] magephp.DEBUG: Task [Release] Preparing Release (deploy/release/prepare) finished with FAIL [] []
