[2022-06-16T17:46:45.576322+00:00] magephp.DEBUG: Environment: production [] []
[2022-06-16T17:46:45.577151+00:00] magephp.DEBUG: Release ID: 20220616174645 [] []
[2022-06-16T17:46:45.577702+00:00] magephp.DEBUG: Running task [Git] Update (git/update) [] []
[2022-06-16T17:46:45.577791+00:00] magephp.INFO: git pull [] []
[2022-06-16T17:46:45.990420+00:00] magephp.DEBUG: Already up to date.  [] []
[2022-06-16T17:46:45.990653+00:00] magephp.DEBUG: Task [Git] Update (git/update) finished with OK [] []
[2022-06-16T17:46:45.990829+00:00] magephp.DEBUG: Running task [Composer] Install (composer/install) [] []
[2022-06-16T17:46:45.990937+00:00] magephp.INFO: composer install --optimize-autoloader [] []
[2022-06-16T17:46:48.171960+00:00] magephp.DEBUG: Discovered Package: [32mbarryvdh/laravel-debugbar[39m Discovered Package: [32memadadly/laravel-uuid[39m Discovered Package: [32mlaravel/sail[39m Discovered Package: [32mlaravel/sanctum[39m Discovered Package: [32mlaravel/tinker[39m Discovered Package: [32mnesbot/carbon[39m Discovered Package: [32mnunomaduro/collision[39m Discovered Package: [32mspatie/laravel-ignition[39m [32mPackage manifest generated successfully.[39m  [] []
[2022-06-16T17:46:48.172231+00:00] magephp.DEBUG: Task [Composer] Install (composer/install) finished with OK [] []
[2022-06-16T17:46:48.172427+00:00] magephp.DEBUG: Running task [Composer] Dump Autoload (composer/dump-autoload) [] []
[2022-06-16T17:46:48.172562+00:00] magephp.INFO: composer dump-autoload --optimize [] []
[2022-06-16T17:46:50.268671+00:00] magephp.DEBUG: Generating optimized autoload files Discovered Package: [32mbarryvdh/laravel-debugbar[39m Discovered Package: [32memadadly/laravel-uuid[39m Discovered Package: [32mlaravel/sail[39m Discovered Package: [32mlaravel/sanctum[39m Discovered Package: [32mlaravel/tinker[39m Discovered Package: [32mnesbot/carbon[39m Discovered Package: [32mnunomaduro/collision[39m Discovered Package: [32mspatie/laravel-ignition[39m [32mPackage manifest generated successfully.[39m Generated optimized autoload files containing 5377 classes  [] []
[2022-06-16T17:46:50.269265+00:00] magephp.DEBUG: Task [Composer] Dump Autoload (composer/dump-autoload) finished with OK [] []
[2022-06-16T17:46:50.269539+00:00] magephp.DEBUG: Running task [Deploy] Preparing Tar file (deploy/tar/prepare) [] []
[2022-06-16T17:46:50.269943+00:00] magephp.INFO: tar cfzp /tmp/mageQUTRlR --exclude=".git" --exclude="./var/cache/*" --exclude="./var/log/*" --exclude="./web/app_dev.php" --exclude="./storage/debugbar" --exclude="./storage/framework" --exclude="./storage/logs" ./ [] []
[2022-06-16T17:46:51.933367+00:00] magephp.DEBUG:  [] []
[2022-06-16T17:46:51.933662+00:00] magephp.DEBUG: Task [Deploy] Preparing Tar file (deploy/tar/prepare) finished with OK [] []
[2022-06-16T17:46:51.934162+00:00] magephp.DEBUG: Running task [Release] Preparing Release (deploy/release/prepare) [] []
[2022-06-16T17:46:51.934502+00:00] magephp.INFO: ssh -p 22 -q -o UserKnownHostsFile=/dev/null -o StrictHostKeyChecking=no -i /var/www/html/deploy/key root@139.59.128.168 "mkdir -p /var/www/my-app/releases/20220616174645" [] []
[2022-06-16T17:46:53.151206+00:00] magephp.DEBUG:  [] []
[2022-06-16T17:46:53.151503+00:00] magephp.DEBUG: Task [Release] Preparing Release (deploy/release/prepare) finished with OK [] []
[2022-06-16T17:46:53.151764+00:00] magephp.DEBUG: Running task [Deploy] Copying files with Tar (deploy/tar/copy) [] []
[2022-06-16T17:46:53.152054+00:00] magephp.INFO: scp -P 22 -q -o UserKnownHostsFile=/dev/null -o StrictHostKeyChecking=no -i /var/www/html/deploy/key /tmp/mageQUTRlR root@139.59.128.168:/var/www/my-app/releases/20220616174645/mageQUTRlR [] []
[2022-06-16T17:46:54.962214+00:00] magephp.DEBUG:  [] []
[2022-06-16T17:46:54.962426+00:00] magephp.INFO: ssh -p 22 -q -o UserKnownHostsFile=/dev/null -o StrictHostKeyChecking=no -i /var/www/html/deploy/key root@139.59.128.168 "cd /var/www/my-app/releases/20220616174645 && tar xfzop mageQUTRlR" [] []
[2022-06-16T17:46:56.888394+00:00] magephp.DEBUG:  [] []
[2022-06-16T17:46:56.889059+00:00] magephp.INFO: ssh -p 22 -q -o UserKnownHostsFile=/dev/null -o StrictHostKeyChecking=no -i /var/www/html/deploy/key root@139.59.128.168 "rm /var/www/my-app/releases/20220616174645/mageQUTRlR" [] []
[2022-06-16T17:46:58.051209+00:00] magephp.DEBUG:  [] []
[2022-06-16T17:46:58.051512+00:00] magephp.DEBUG: Task [Deploy] Copying files with Tar (deploy/tar/copy) finished with OK [] []
[2022-06-16T17:46:58.051960+00:00] magephp.DEBUG: Running task [Release] Creating Symlink (deploy/release) [] []
[2022-06-16T17:46:58.052247+00:00] magephp.INFO: ssh -p 22 -q -o UserKnownHostsFile=/dev/null -o StrictHostKeyChecking=no -i /var/www/html/deploy/key root@139.59.128.168 "cd /var/www/my-app && ln -snf releases/20220616174645 laravel" [] []
[2022-06-16T17:46:59.091247+00:00] magephp.DEBUG:  [] []
[2022-06-16T17:46:59.091496+00:00] magephp.DEBUG: Task [Release] Creating Symlink (deploy/release) finished with OK [] []
[2022-06-16T17:46:59.092264+00:00] magephp.DEBUG: Running task [Release] Cleaning up old Releases (deploy/release/cleanup) [] []
[2022-06-16T17:46:59.092638+00:00] magephp.INFO: ssh -p 22 -q -o UserKnownHostsFile=/dev/null -o StrictHostKeyChecking=no -i /var/www/html/deploy/key root@139.59.128.168 "ls -1 /var/www/my-app/releases" [] []
[2022-06-16T17:46:59.140835+00:00] magephp.DEBUG:  [] []
[2022-06-16T17:46:59.140931+00:00] magephp.ERROR:  [] []
[2022-06-16T17:46:59.141046+00:00] magephp.DEBUG: Task [Release] Cleaning up old Releases (deploy/release/cleanup) finished with FAIL [] []
