[2022-06-16T17:38:53.328059+00:00] magephp.DEBUG: Environment: production [] []
[2022-06-16T17:38:53.328737+00:00] magephp.DEBUG: Release ID: 20220616173853 [] []
[2022-06-16T17:38:53.329352+00:00] magephp.DEBUG: Running task [Git] Update (git/update) [] []
[2022-06-16T17:38:53.329441+00:00] magephp.INFO: git pull [] []
[2022-06-16T17:38:53.752833+00:00] magephp.DEBUG: Already up to date.  [] []
[2022-06-16T17:38:53.753134+00:00] magephp.DEBUG: Task [Git] Update (git/update) finished with OK [] []
[2022-06-16T17:38:53.753310+00:00] magephp.DEBUG: Running task [Composer] Install (composer/install) [] []
[2022-06-16T17:38:53.753423+00:00] magephp.INFO: composer install --optimize-autoloader [] []
[2022-06-16T17:38:55.920401+00:00] magephp.DEBUG: Discovered Package: [32mbarryvdh/laravel-debugbar[39m Discovered Package: [32memadadly/laravel-uuid[39m Discovered Package: [32mlaravel/sail[39m Discovered Package: [32mlaravel/sanctum[39m Discovered Package: [32mlaravel/tinker[39m Discovered Package: [32mnesbot/carbon[39m Discovered Package: [32mnunomaduro/collision[39m Discovered Package: [32mspatie/laravel-ignition[39m [32mPackage manifest generated successfully.[39m  [] []
[2022-06-16T17:38:55.920990+00:00] magephp.DEBUG: Task [Composer] Install (composer/install) finished with OK [] []
[2022-06-16T17:38:55.921337+00:00] magephp.DEBUG: Running task [Composer] Dump Autoload (composer/dump-autoload) [] []
[2022-06-16T17:38:55.921552+00:00] magephp.INFO: composer dump-autoload --optimize [] []
[2022-06-16T17:38:58.024677+00:00] magephp.DEBUG: Generating optimized autoload files Discovered Package: [32mbarryvdh/laravel-debugbar[39m Discovered Package: [32memadadly/laravel-uuid[39m Discovered Package: [32mlaravel/sail[39m Discovered Package: [32mlaravel/sanctum[39m Discovered Package: [32mlaravel/tinker[39m Discovered Package: [32mnesbot/carbon[39m Discovered Package: [32mnunomaduro/collision[39m Discovered Package: [32mspatie/laravel-ignition[39m [32mPackage manifest generated successfully.[39m Generated optimized autoload files containing 5377 classes  [] []
[2022-06-16T17:38:58.025200+00:00] magephp.DEBUG: Task [Composer] Dump Autoload (composer/dump-autoload) finished with OK [] []
[2022-06-16T17:38:58.025423+00:00] magephp.DEBUG: Running task [Deploy] Preparing Tar file (deploy/tar/prepare) [] []
[2022-06-16T17:38:58.025753+00:00] magephp.INFO: tar cfzp /tmp/mageUZHQQz --exclude=".git" --exclude="./var/cache/*" --exclude="./var/log/*" --exclude="./web/app_dev.php" --exclude="./storage/debugbar" --exclude="./storage/framework" --exclude="./storage/logs" ./ [] []
[2022-06-16T17:38:59.796595+00:00] magephp.DEBUG:  [] []
[2022-06-16T17:38:59.797256+00:00] magephp.DEBUG: Task [Deploy] Preparing Tar file (deploy/tar/prepare) finished with OK [] []
[2022-06-16T17:38:59.798379+00:00] magephp.DEBUG: Running task [Release] Preparing Release (deploy/release/prepare) [] []
[2022-06-16T17:38:59.799152+00:00] magephp.INFO: ssh -p 22 -q -o UserKnownHostsFile=/dev/null -o StrictHostKeyChecking=no -i /var/www/html/deploy/key root@139.59.128.168 "mkdir -p /var/www/my-app/releases/20220616173853" [] []
[2022-06-16T17:39:00.153112+00:00] magephp.DEBUG:  [] []
[2022-06-16T17:39:00.153265+00:00] magephp.ERROR:  [] []
[2022-06-16T17:39:00.153623+00:00] magephp.DEBUG: Task [Release] Preparing Release (deploy/release/prepare) finished with FAIL [] []
