[2022-06-15T19:08:33.731950+00:00] magephp.DEBUG: Environment: production [] []
[2022-06-15T19:08:33.733032+00:00] magephp.DEBUG: Release ID: 20220615190833 [] []
[2022-06-15T19:08:33.733893+00:00] magephp.DEBUG: Running task [Git] Change Branch (main) (git/change-branch) [] []
[2022-06-15T19:08:33.734143+00:00] magephp.INFO: git branch | grep "*" [] []
[2022-06-15T19:08:33.741468+00:00] magephp.DEBUG: * main  [] []
[2022-06-15T19:08:33.741913+00:00] magephp.DEBUG: Task [Git] Change Branch (main) (git/change-branch) finished with SKIPPED, thrown SkipException [] []
[2022-06-15T19:08:33.742058+00:00] magephp.DEBUG: Running task [Git] Update (git/update) [] []
[2022-06-15T19:08:33.742118+00:00] magephp.INFO: git pull [] []
[2022-06-15T19:08:34.145489+00:00] magephp.DEBUG: Already up to date.  [] []
[2022-06-15T19:08:34.145734+00:00] magephp.DEBUG: Task [Git] Update (git/update) finished with OK [] []
[2022-06-15T19:08:34.145933+00:00] magephp.DEBUG: Running task [Composer] Install (composer/install) [] []
[2022-06-15T19:08:34.146149+00:00] magephp.INFO: composer install --optimize-autoloader [] []
[2022-06-15T19:08:36.274267+00:00] magephp.DEBUG: Discovered Package: [32mbarryvdh/laravel-debugbar[39m Discovered Package: [32mlaravel/sail[39m Discovered Package: [32mlaravel/sanctum[39m Discovered Package: [32mlaravel/tinker[39m Discovered Package: [32mnesbot/carbon[39m Discovered Package: [32mnunomaduro/collision[39m Discovered Package: [32mspatie/laravel-ignition[39m [32mPackage manifest generated successfully.[39m  [] []
[2022-06-15T19:08:36.274575+00:00] magephp.DEBUG: Task [Composer] Install (composer/install) finished with OK [] []
[2022-06-15T19:08:36.274851+00:00] magephp.DEBUG: Running task [Composer] Dump Autoload (composer/dump-autoload) [] []
[2022-06-15T19:08:36.274980+00:00] magephp.INFO: composer dump-autoload --optimize [] []
[2022-06-15T19:08:38.352591+00:00] magephp.DEBUG: Generating optimized autoload files Discovered Package: [32mbarryvdh/laravel-debugbar[39m Discovered Package: [32mlaravel/sail[39m Discovered Package: [32mlaravel/sanctum[39m Discovered Package: [32mlaravel/tinker[39m Discovered Package: [32mnesbot/carbon[39m Discovered Package: [32mnunomaduro/collision[39m Discovered Package: [32mspatie/laravel-ignition[39m [32mPackage manifest generated successfully.[39m Generated optimized autoload files containing 5372 classes  [] []
[2022-06-15T19:08:38.353368+00:00] magephp.DEBUG: Task [Composer] Dump Autoload (composer/dump-autoload) finished with OK [] []
[2022-06-15T19:08:38.353830+00:00] magephp.DEBUG: Running task [Deploy] Preparing Tar file (deploy/tar/prepare) [] []
[2022-06-15T19:08:38.354207+00:00] magephp.INFO: tar cfzp /tmp/mageeXhHAI --exclude=".git" --exclude="./var/cache/*" --exclude="./var/log/*" --exclude="./web/app_dev.php" --exclude="./storage/debugbar" --exclude="./storage/framework" --exclude="./storage/logs" ./ [] []
[2022-06-15T19:08:39.887306+00:00] magephp.DEBUG:  [] []
[2022-06-15T19:08:39.887508+00:00] magephp.DEBUG: Task [Deploy] Preparing Tar file (deploy/tar/prepare) finished with OK [] []
[2022-06-15T19:08:39.887934+00:00] magephp.DEBUG: Running task [Release] Preparing Release (deploy/release/prepare) [] []
[2022-06-15T19:08:39.888282+00:00] magephp.INFO: ssh -p 22 -q -o UserKnownHostsFile=/dev/null -o StrictHostKeyChecking=no -i /var/www/html/deploy/key root@139.59.128.168 "mkdir -p /var/www/my-app/releases/20220615190833" [] []
[2022-06-15T19:08:40.240591+00:00] magephp.DEBUG:  [] []
[2022-06-15T19:08:40.240946+00:00] magephp.ERROR:  [] []
[2022-06-15T19:08:40.241552+00:00] magephp.DEBUG: Task [Release] Preparing Release (deploy/release/prepare) finished with FAIL [] []
