[2022-06-15T19:11:03.250063+00:00] magephp.DEBUG: Environment: production [] []
[2022-06-15T19:11:03.250913+00:00] magephp.DEBUG: Release ID: 20220615191103 [] []
[2022-06-15T19:11:03.251429+00:00] magephp.DEBUG: Running task [Git] Change Branch (main) (git/change-branch) [] []
[2022-06-15T19:11:03.251510+00:00] magephp.INFO: git branch | grep "*" [] []
[2022-06-15T19:11:03.258016+00:00] magephp.DEBUG: * main  [] []
[2022-06-15T19:11:03.258349+00:00] magephp.DEBUG: Task [Git] Change Branch (main) (git/change-branch) finished with SKIPPED, thrown SkipException [] []
[2022-06-15T19:11:03.258443+00:00] magephp.DEBUG: Running task [Git] Update (git/update) [] []
[2022-06-15T19:11:03.258482+00:00] magephp.INFO: git pull [] []
[2022-06-15T19:11:03.686452+00:00] magephp.DEBUG: Already up to date.  [] []
[2022-06-15T19:11:03.687051+00:00] magephp.DEBUG: Task [Git] Update (git/update) finished with OK [] []
[2022-06-15T19:11:03.687548+00:00] magephp.DEBUG: Running task [Composer] Install (composer/install) [] []
[2022-06-15T19:11:03.687753+00:00] magephp.INFO: composer install --optimize-autoloader [] []
[2022-06-15T19:11:05.687440+00:00] magephp.DEBUG: Discovered Package: [32mbarryvdh/laravel-debugbar[39m Discovered Package: [32mlaravel/sail[39m Discovered Package: [32mlaravel/sanctum[39m Discovered Package: [32mlaravel/tinker[39m Discovered Package: [32mnesbot/carbon[39m Discovered Package: [32mnunomaduro/collision[39m Discovered Package: [32mspatie/laravel-ignition[39m [32mPackage manifest generated successfully.[39m  [] []
[2022-06-15T19:11:05.687743+00:00] magephp.DEBUG: Task [Composer] Install (composer/install) finished with OK [] []
[2022-06-15T19:11:05.687882+00:00] magephp.DEBUG: Running task [Composer] Dump Autoload (composer/dump-autoload) [] []
[2022-06-15T19:11:05.688080+00:00] magephp.INFO: composer dump-autoload --optimize [] []
[2022-06-15T19:11:07.662718+00:00] magephp.DEBUG: Generating optimized autoload files Discovered Package: [32mbarryvdh/laravel-debugbar[39m Discovered Package: [32mlaravel/sail[39m Discovered Package: [32mlaravel/sanctum[39m Discovered Package: [32mlaravel/tinker[39m Discovered Package: [32mnesbot/carbon[39m Discovered Package: [32mnunomaduro/collision[39m Discovered Package: [32mspatie/laravel-ignition[39m [32mPackage manifest generated successfully.[39m Generated optimized autoload files containing 5372 classes  [] []
[2022-06-15T19:11:07.662969+00:00] magephp.DEBUG: Task [Composer] Dump Autoload (composer/dump-autoload) finished with OK [] []
[2022-06-15T19:11:07.663187+00:00] magephp.DEBUG: Running task [Deploy] Preparing Tar file (deploy/tar/prepare) [] []
[2022-06-15T19:11:07.663524+00:00] magephp.INFO: tar cfzp /tmp/magezgkGmp --exclude=".git" --exclude="./var/cache/*" --exclude="./var/log/*" --exclude="./web/app_dev.php" --exclude="./storage/debugbar" --exclude="./storage/framework" --exclude="./storage/logs" ./ [] []
[2022-06-15T19:11:09.166922+00:00] magephp.DEBUG:  [] []
[2022-06-15T19:11:09.167423+00:00] magephp.DEBUG: Task [Deploy] Preparing Tar file (deploy/tar/prepare) finished with OK [] []
[2022-06-15T19:11:09.168811+00:00] magephp.DEBUG: Running task [Release] Preparing Release (deploy/release/prepare) [] []
[2022-06-15T19:11:09.169165+00:00] magephp.INFO: ssh -p 139 -q -o UserKnownHostsFile=/dev/null -o StrictHostKeyChecking=no -i /var/www/html/deploy/key root@webserver1 "mkdir -p /var/www/my-app/releases/20220615191103" [] []
[2022-06-15T19:11:09.180054+00:00] magephp.DEBUG:  [] []
[2022-06-15T19:11:09.180151+00:00] magephp.ERROR:  [] []
[2022-06-15T19:11:09.180305+00:00] magephp.DEBUG: Task [Release] Preparing Release (deploy/release/prepare) finished with FAIL [] []
