[2022-06-15T19:10:27.632568+00:00] magephp.DEBUG: Environment: production [] []
[2022-06-15T19:10:27.633478+00:00] magephp.DEBUG: Release ID: 20220615191027 [] []
[2022-06-15T19:10:27.634247+00:00] magephp.DEBUG: Running task [Git] Change Branch (main) (git/change-branch) [] []
[2022-06-15T19:10:27.634400+00:00] magephp.INFO: git branch | grep "*" [] []
[2022-06-15T19:10:27.641466+00:00] magephp.DEBUG: * main  [] []
[2022-06-15T19:10:27.641803+00:00] magephp.DEBUG: Task [Git] Change Branch (main) (git/change-branch) finished with SKIPPED, thrown SkipException [] []
[2022-06-15T19:10:27.641895+00:00] magephp.DEBUG: Running task [Git] Update (git/update) [] []
[2022-06-15T19:10:27.641946+00:00] magephp.INFO: git pull [] []
[2022-06-15T19:10:28.066285+00:00] magephp.DEBUG: Already up to date.  [] []
[2022-06-15T19:10:28.066696+00:00] magephp.DEBUG: Task [Git] Update (git/update) finished with OK [] []
[2022-06-15T19:10:28.067037+00:00] magephp.DEBUG: Running task [Composer] Install (composer/install) [] []
[2022-06-15T19:10:28.067234+00:00] magephp.INFO: composer install --optimize-autoloader [] []
[2022-06-15T19:10:30.199042+00:00] magephp.DEBUG: Discovered Package: [32mbarryvdh/laravel-debugbar[39m Discovered Package: [32mlaravel/sail[39m Discovered Package: [32mlaravel/sanctum[39m Discovered Package: [32mlaravel/tinker[39m Discovered Package: [32mnesbot/carbon[39m Discovered Package: [32mnunomaduro/collision[39m Discovered Package: [32mspatie/laravel-ignition[39m [32mPackage manifest generated successfully.[39m  [] []
[2022-06-15T19:10:30.199376+00:00] magephp.DEBUG: Task [Composer] Install (composer/install) finished with OK [] []
[2022-06-15T19:10:30.199622+00:00] magephp.DEBUG: Running task [Composer] Dump Autoload (composer/dump-autoload) [] []
[2022-06-15T19:10:30.199749+00:00] magephp.INFO: composer dump-autoload --optimize [] []
[2022-06-15T19:10:32.307000+00:00] magephp.DEBUG: Generating optimized autoload files Discovered Package: [32mbarryvdh/laravel-debugbar[39m Discovered Package: [32mlaravel/sail[39m Discovered Package: [32mlaravel/sanctum[39m Discovered Package: [32mlaravel/tinker[39m Discovered Package: [32mnesbot/carbon[39m Discovered Package: [32mnunomaduro/collision[39m Discovered Package: [32mspatie/laravel-ignition[39m [32mPackage manifest generated successfully.[39m Generated optimized autoload files containing 5372 classes  [] []
[2022-06-15T19:10:32.307352+00:00] magephp.DEBUG: Task [Composer] Dump Autoload (composer/dump-autoload) finished with OK [] []
[2022-06-15T19:10:32.307571+00:00] magephp.DEBUG: Running task [Deploy] Preparing Tar file (deploy/tar/prepare) [] []
[2022-06-15T19:10:32.308069+00:00] magephp.INFO: tar cfzp /tmp/magefj2JJo --exclude=".git" --exclude="./var/cache/*" --exclude="./var/log/*" --exclude="./web/app_dev.php" --exclude="./storage/debugbar" --exclude="./storage/framework" --exclude="./storage/logs" ./ [] []
[2022-06-15T19:10:33.866432+00:00] magephp.DEBUG:  [] []
[2022-06-15T19:10:33.866773+00:00] magephp.DEBUG: Task [Deploy] Preparing Tar file (deploy/tar/prepare) finished with OK [] []
