[2022-06-16T17:45:38.030651+00:00] magephp.DEBUG: Environment: production [] []
[2022-06-16T17:45:38.031632+00:00] magephp.DEBUG: Release ID: 20220616174538 [] []
[2022-06-16T17:45:38.032290+00:00] magephp.DEBUG: Running task [Git] Update (git/update) [] []
[2022-06-16T17:45:38.032367+00:00] magephp.INFO: git pull [] []
[2022-06-16T17:45:38.482238+00:00] magephp.DEBUG: Already up to date.  [] []
[2022-06-16T17:45:38.482525+00:00] magephp.DEBUG: Task [Git] Update (git/update) finished with OK [] []
[2022-06-16T17:45:38.482788+00:00] magephp.DEBUG: Running task [Composer] Install (composer/install) [] []
[2022-06-16T17:45:38.482951+00:00] magephp.INFO: composer install --optimize-autoloader [] []
[2022-06-16T17:45:40.704909+00:00] magephp.DEBUG: Discovered Package: [32mbarryvdh/laravel-debugbar[39m Discovered Package: [32memadadly/laravel-uuid[39m Discovered Package: [32mlaravel/sail[39m Discovered Package: [32mlaravel/sanctum[39m Discovered Package: [32mlaravel/tinker[39m Discovered Package: [32mnesbot/carbon[39m Discovered Package: [32mnunomaduro/collision[39m Discovered Package: [32mspatie/laravel-ignition[39m [32mPackage manifest generated successfully.[39m  [] []
[2022-06-16T17:45:40.705416+00:00] magephp.DEBUG: Task [Composer] Install (composer/install) finished with OK [] []
[2022-06-16T17:45:40.705583+00:00] magephp.DEBUG: Running task [Composer] Dump Autoload (composer/dump-autoload) [] []
[2022-06-16T17:45:40.705677+00:00] magephp.INFO: composer dump-autoload --optimize [] []
[2022-06-16T17:45:42.801919+00:00] magephp.DEBUG: Generating optimized autoload files Discovered Package: [32mbarryvdh/laravel-debugbar[39m Discovered Package: [32memadadly/laravel-uuid[39m Discovered Package: [32mlaravel/sail[39m Discovered Package: [32mlaravel/sanctum[39m Discovered Package: [32mlaravel/tinker[39m Discovered Package: [32mnesbot/carbon[39m Discovered Package: [32mnunomaduro/collision[39m Discovered Package: [32mspatie/laravel-ignition[39m [32mPackage manifest generated successfully.[39m Generated optimized autoload files containing 5377 classes  [] []
[2022-06-16T17:45:42.802156+00:00] magephp.DEBUG: Task [Composer] Dump Autoload (composer/dump-autoload) finished with OK [] []
[2022-06-16T17:45:42.802413+00:00] magephp.DEBUG: Running task [Deploy] Preparing Tar file (deploy/tar/prepare) [] []
[2022-06-16T17:45:42.802722+00:00] magephp.INFO: tar cfzp /tmp/mage2Qlnbe --exclude=".git" --exclude="./var/cache/*" --exclude="./var/log/*" --exclude="./web/app_dev.php" --exclude="./storage/debugbar" --exclude="./storage/framework" --exclude="./storage/logs" ./ [] []
[2022-06-16T17:45:44.470981+00:00] magephp.DEBUG:  [] []
[2022-06-16T17:45:44.471208+00:00] magephp.DEBUG: Task [Deploy] Preparing Tar file (deploy/tar/prepare) finished with OK [] []
[2022-06-16T17:45:44.471533+00:00] magephp.DEBUG: Running task [Release] Preparing Release (deploy/release/prepare) [] []
[2022-06-16T17:45:44.471882+00:00] magephp.INFO: ssh -p 22 -q -o UserKnownHostsFile=/dev/null -o StrictHostKeyChecking=no -i /var/www/html/deploy/key root@139.59.128.168 "mkdir -p /var/www/my-app/releases/20220616174538" [] []
[2022-06-16T17:45:45.866127+00:00] magephp.DEBUG:  [] []
[2022-06-16T17:45:45.866720+00:00] magephp.DEBUG: Task [Release] Preparing Release (deploy/release/prepare) finished with OK [] []
[2022-06-16T17:45:45.867166+00:00] magephp.DEBUG: Running task [Deploy] Copying files with Tar (deploy/tar/copy) [] []
[2022-06-16T17:45:45.867637+00:00] magephp.INFO: scp -P 22 -q -o UserKnownHostsFile=/dev/null -o StrictHostKeyChecking=no -i /var/www/html/deploy/key /tmp/mage2Qlnbe root@139.59.128.168:/var/www/my-app/releases/20220616174538/mage2Qlnbe [] []
[2022-06-16T17:45:47.718106+00:00] magephp.DEBUG:  [] []
[2022-06-16T17:45:47.718688+00:00] magephp.INFO: ssh -p 22 -q -o UserKnownHostsFile=/dev/null -o StrictHostKeyChecking=no -i /var/www/html/deploy/key root@139.59.128.168 "cd /var/www/my-app/releases/20220616174538 && tar xfzop mage2Qlnbe" [] []
[2022-06-16T17:45:49.941581+00:00] magephp.DEBUG:  [] []
[2022-06-16T17:45:49.941862+00:00] magephp.INFO: ssh -p 22 -q -o UserKnownHostsFile=/dev/null -o StrictHostKeyChecking=no -i /var/www/html/deploy/key root@139.59.128.168 "rm /var/www/my-app/releases/20220616174538/mage2Qlnbe" [] []
[2022-06-16T17:45:50.729031+00:00] magephp.DEBUG:  [] []
[2022-06-16T17:45:50.729269+00:00] magephp.DEBUG: Task [Deploy] Copying files with Tar (deploy/tar/copy) finished with OK [] []
[2022-06-16T17:45:50.729529+00:00] magephp.DEBUG: Running task [FS] Copy "/var/www/shared/.env" to ".env" (fs/copy) [] []
[2022-06-16T17:45:50.729775+00:00] magephp.INFO: ssh -p 22 -q -o UserKnownHostsFile=/dev/null -o StrictHostKeyChecking=no -i /var/www/html/deploy/key root@139.59.128.168 "cd /var/www/my-app/releases/20220616174538 && cp -p \"/var/www/shared/.env\" \".env\"" [] []
[2022-06-16T17:45:51.534291+00:00] magephp.DEBUG:  [] []
[2022-06-16T17:45:51.534460+00:00] magephp.ERROR: cp: cannot stat '/var/www/shared/.env': No such file or directory  [] []
[2022-06-16T17:45:51.534912+00:00] magephp.DEBUG: Task [FS] Copy "/var/www/shared/.env" to ".env" (fs/copy) finished with FAIL [] []
