[2022-06-15T19:05:34.788614+00:00] magephp.DEBUG: Environment: production [] []
[2022-06-15T19:05:34.789671+00:00] magephp.DEBUG: Release ID: 20220615190534 [] []
[2022-06-15T19:05:34.790480+00:00] magephp.DEBUG: Running task [Git] Change Branch (main) (git/change-branch) [] []
[2022-06-15T19:05:34.790595+00:00] magephp.INFO: git branch | grep "*" [] []
[2022-06-15T19:05:34.797174+00:00] magephp.DEBUG: * main  [] []
[2022-06-15T19:05:34.797535+00:00] magephp.DEBUG: Task [Git] Change Branch (main) (git/change-branch) finished with SKIPPED, thrown SkipException [] []
[2022-06-15T19:05:34.797681+00:00] magephp.DEBUG: Running task [Git] Update (git/update) [] []
[2022-06-15T19:05:34.797766+00:00] magephp.INFO: git pull [] []
[2022-06-15T19:05:35.299301+00:00] magephp.DEBUG: Already up to date.  [] []
[2022-06-15T19:05:35.299840+00:00] magephp.DEBUG: Task [Git] Update (git/update) finished with OK [] []
[2022-06-15T19:05:35.300271+00:00] magephp.DEBUG: Running task [Composer] Install (composer/install) [] []
[2022-06-15T19:05:35.300496+00:00] magephp.INFO: composer install --optimize-autoloader [] []
[2022-06-15T19:05:37.500554+00:00] magephp.DEBUG: Discovered Package: [32mbarryvdh/laravel-debugbar[39m Discovered Package: [32mlaravel/sail[39m Discovered Package: [32mlaravel/sanctum[39m Discovered Package: [32mlaravel/tinker[39m Discovered Package: [32mnesbot/carbon[39m Discovered Package: [32mnunomaduro/collision[39m Discovered Package: [32mspatie/laravel-ignition[39m [32mPackage manifest generated successfully.[39m  [] []
[2022-06-15T19:05:37.500961+00:00] magephp.DEBUG: Task [Composer] Install (composer/install) finished with OK [] []
[2022-06-15T19:05:37.501193+00:00] magephp.DEBUG: Running task [Composer] Dump Autoload (composer/dump-autoload) [] []
[2022-06-15T19:05:37.501303+00:00] magephp.INFO: composer dump-autoload --optimize [] []
[2022-06-15T19:05:39.624474+00:00] magephp.DEBUG: Generating optimized autoload files Discovered Package: [32mbarryvdh/laravel-debugbar[39m Discovered Package: [32mlaravel/sail[39m Discovered Package: [32mlaravel/sanctum[39m Discovered Package: [32mlaravel/tinker[39m Discovered Package: [32mnesbot/carbon[39m Discovered Package: [32mnunomaduro/collision[39m Discovered Package: [32mspatie/laravel-ignition[39m [32mPackage manifest generated successfully.[39m Generated optimized autoload files containing 5372 classes  [] []
[2022-06-15T19:05:39.624853+00:00] magephp.DEBUG: Task [Composer] Dump Autoload (composer/dump-autoload) finished with OK [] []
[2022-06-15T19:05:39.625112+00:00] magephp.DEBUG: Running task [Deploy] Preparing Tar file (deploy/tar/prepare) [] []
[2022-06-15T19:05:39.625498+00:00] magephp.INFO: tar cfzp /tmp/mageoK9dCK --exclude=".git" --exclude="./var/cache/*" --exclude="./var/log/*" --exclude="./web/app_dev.php" --exclude="./storage/debugbar" --exclude="./storage/framework" --exclude="./storage/logs" ./ [] []
[2022-06-15T19:05:41.198952+00:00] magephp.DEBUG:  [] []
[2022-06-15T19:05:41.199372+00:00] magephp.DEBUG: Task [Deploy] Preparing Tar file (deploy/tar/prepare) finished with OK [] []
[2022-06-15T19:05:41.200123+00:00] magephp.DEBUG: Running task [Release] Preparing Release (deploy/release/prepare) [] []
[2022-06-15T19:05:41.200643+00:00] magephp.INFO: ssh -p 22 -q -o UserKnownHostsFile=/dev/null -o StrictHostKeyChecking=no -i /var/www/html/deploy/key root@139.59.128.168 "mkdir -p /var/www/releases/20220615190534" [] []
[2022-06-15T19:05:41.555421+00:00] magephp.DEBUG:  [] []
[2022-06-15T19:05:41.555562+00:00] magephp.ERROR:  [] []
[2022-06-15T19:05:41.555917+00:00] magephp.DEBUG: Task [Release] Preparing Release (deploy/release/prepare) finished with FAIL [] []
